#
# There is insufficient memory for the Java Runtime Environment to continue.
# Native memory allocation (mmap) failed to map 67108864 bytes for G1 virtual space
# Possible reasons:
#   The system is out of physical RAM or swap space
#   The process is running with CompressedOops enabled, and the Java Heap may be blocking the growth of the native heap
# Possible solutions:
#   Reduce memory load on the system
#   Increase physical memory or swap space
#   Check if swap backing store is full
#   Decrease Java heap size (-Xmx/-Xms)
#   Decrease number of Java threads
#   Decrease Java thread stack sizes (-Xss)
#   Set larger code cache with -XX:ReservedCodeCacheSize=
#   JVM is running with Unscaled Compressed Oops mode in which the Java heap is
#     placed in the first 4GB address space. The Java Heap base address is the
#     maximum limit for the native heap growth. Please use -XX:HeapBaseMinAddress
#     to set the Java Heap base and to place the Java Heap above 4GB virtual address.
# This output file may be truncated or incomplete.
#
#  Out of Memory Error (os_windows.cpp:3527), pid=12208, tid=2084
#
# JRE version:  (19.0+36) (build )
# Java VM: Java HotSpot(TM) 64-Bit Server VM (19+36-2238, mixed mode, sharing, tiered, compressed oops, compressed class ptrs, g1 gc, windows-amd64)
# No core dump will be written. Minidumps are not enabled by default on client versions of Windows
#

---------------  S U M M A R Y ------------

Command Line: com.mycompany.management_course.GUI.GradeGUI

Host: Intel(R) Core(TM) i3-5005U CPU @ 2.00GHz, 4 cores, 3G,  Windows 10 , 64 bit Build 19041 (10.0.19041.1889)
Time: Mon Oct  3 13:09:58 2022 SE Asia Standard Time elapsed time: 0.077765 seconds (0d 0h 0m 0s)

---------------  T H R E A D  ---------------

Current thread (0x00000224c6eff220):  JavaThread "Unknown thread" [_thread_in_vm, id=2084, stack(0x0000006f43500000,0x0000006f43600000)]

Stack: [0x0000006f43500000,0x0000006f43600000]
Native frames: (J=compiled Java code, j=interpreted, Vv=VM code, C=native code)
V  [jvm.dll+0x6ee8fa]
V  [jvm.dll+0x857a1e]
V  [jvm.dll+0x85940e]
V  [jvm.dll+0x859ac3]
V  [jvm.dll+0x28291f]
V  [jvm.dll+0x6eb6e9]
V  [jvm.dll+0x6e028a]
V  [jvm.dll+0x357136]
V  [jvm.dll+0x35eb96]
V  [jvm.dll+0x3b555e]
V  [jvm.dll+0x3b578f]
V  [jvm.dll+0x32c6ea]
V  [jvm.dll+0x32d59e]
V  [jvm.dll+0x821b20]
V  [jvm.dll+0x3c27c1]
V  [jvm.dll+0x8022f1]
V  [jvm.dll+0x44b30f]
V  [jvm.dll+0x44cc91]
C  [jli.dll+0x5287]
C  [ucrtbase.dll+0x21bb2]
C  [KERNEL32.DLL+0x17034]
C  [ntdll.dll+0x526a1]


---------------  P R O C E S S  ---------------

Threads class SMR info:
_java_thread_list=0x00007ffbbe21d048, length=0, elements={
}

Java Threads: ( => current thread )

Other Threads:
  0x00000224c6f3f510 WorkerThread "GC Thread#0" [stack: 0x0000006f43600000,0x0000006f43700000] [id=7692]
  0x00000224c6f48310 ConcurrentGCThread "G1 Main Marker" [stack: 0x0000006f43700000,0x0000006f43800000] [id=8364]
  0x00000224c6f494e0 WorkerThread "G1 Conc#0" [stack: 0x0000006f43800000,0x0000006f43900000] [id=11348]

[error occurred during error reporting (printing all threads), id 0xc0000005, EXCEPTION_ACCESS_VIOLATION (0xc0000005) at pc=0x00007ffbbd9dd127]

VM state: not at safepoint (not fully initialized)

VM Mutex/Monitor currently owned by a thread:  ([mutex/lock_event])
[0x00000224c6efc930] Heap_lock - owner thread: 0x00000224c6eff220

Heap address: 0x00000000c1800000, size: 1000 MB, Compressed Oops mode: 32-bit

CDS archive(s) mapped at: [0x0000000000000000-0x0000000000000000-0x0000000000000000), size 0, SharedBaseAddress: 0x0000000800000000, ArchiveRelocationMode: 0.
Narrow klass base: 0x0000000000000000, Narrow klass shift: 0, Narrow klass range: 0x0

GC Precious Log:
 CardTable entry size: 512
 Card Set container configuration: InlinePtr #cards 5 size 8 Array Of Cards #cards 12 size 40 Howl #buckets 4 coarsen threshold 1843 Howl Bitmap #cards 512 size 80 coarsen threshold 460 Card regions per heap region 1 cards per card region 2048

Heap:
 garbage-first heap   total 0K, used 0K [0x00000000c1800000, 0x0000000100000000)
  region size 1024K, 0 young (0K), 0 survivors (0K)

[error occurred during error reporting (printing heap information), id 0xc0000005, EXCEPTION_ACCESS_VIOLATION (0xc0000005) at pc=0x00007ffbbdde6959]

GC Heap History (0 events):
No events

Dll operation events (1 events):
Event: 0.008 Loaded shared library C:\Program Files\Java\jdk-19\bin\java.dll

Deoptimization events (0 events):
No events

Classes loaded (0 events):
No events

Classes unloaded (0 events):
No events

Classes redefined (0 events):
No events

Internal exceptions (0 events):
No events

VM Operations (0 events):
No events

Events (0 events):
No events


Dynamic libraries:
0x00007ff66a760000 - 0x00007ff66a770000 	C:\Program Files\Java\jdk-19\bin\java.exe
0x00007ffc02530000 - 0x00007ffc02728000 	C:\WINDOWS\SYSTEM32\ntdll.dll
0x00007ffc013f0000 - 0x00007ffc014ad000 	C:\WINDOWS\System32\KERNEL32.DLL
0x00007ffc00130000 - 0x00007ffc003fe000 	C:\WINDOWS\System32\KERNELBASE.dll
0x00007ffc00490000 - 0x00007ffc00590000 	C:\WINDOWS\System32\ucrtbase.dll
0x00007ffbfb900000 - 0x00007ffbfb91b000 	C:\Program Files\Java\jdk-19\bin\VCRUNTIME140.dll
0x00007ffbf0bc0000 - 0x00007ffbf0bd8000 	C:\Program Files\Java\jdk-19\bin\jli.dll
0x00007ffc00590000 - 0x00007ffc0063e000 	C:\WINDOWS\System32\ADVAPI32.dll
0x00007ffc01a80000 - 0x00007ffc01b1e000 	C:\WINDOWS\System32\msvcrt.dll
0x00007ffc01980000 - 0x00007ffc01a1c000 	C:\WINDOWS\System32\sechost.dll
0x00007ffc00680000 - 0x00007ffc007a5000 	C:\WINDOWS\System32\RPCRT4.dll
0x00007ffc02010000 - 0x00007ffc021b0000 	C:\WINDOWS\System32\USER32.dll
0x00007ffc00060000 - 0x00007ffc00082000 	C:\WINDOWS\System32\win32u.dll
0x00007ffbf2a20000 - 0x00007ffbf2cba000 	C:\WINDOWS\WinSxS\amd64_microsoft.windows.common-controls_6595b64144ccf1df_6.0.19041.1110_none_60b5254171f9507e\COMCTL32.dll
0x00007ffc01fe0000 - 0x00007ffc0200a000 	C:\WINDOWS\System32\GDI32.dll
0x00007ffbffc50000 - 0x00007ffbffd5b000 	C:\WINDOWS\System32\gdi32full.dll
0x00007ffc00090000 - 0x00007ffc0012d000 	C:\WINDOWS\System32\msvcp_win.dll
0x00007ffbf4480000 - 0x00007ffbf448a000 	C:\WINDOWS\SYSTEM32\VERSION.dll
0x00007ffc00640000 - 0x00007ffc00670000 	C:\WINDOWS\System32\IMM32.DLL
0x00007ffbfbaa0000 - 0x00007ffbfbaac000 	C:\Program Files\Java\jdk-19\bin\vcruntime140_1.dll
0x00007ffbdb5a0000 - 0x00007ffbdb62e000 	C:\Program Files\Java\jdk-19\bin\msvcp140.dll
0x00007ffbbd6a0000 - 0x00007ffbbe360000 	C:\Program Files\Java\jdk-19\bin\server\jvm.dll
0x00007ffbf4450000 - 0x00007ffbf4477000 	C:\WINDOWS\SYSTEM32\WINMM.dll
0x00007ffbfe390000 - 0x00007ffbfe399000 	C:\WINDOWS\SYSTEM32\WSOCK32.dll
0x00007ffc01650000 - 0x00007ffc016bb000 	C:\WINDOWS\System32\WS2_32.dll
0x00007ffbfe520000 - 0x00007ffbfe532000 	C:\WINDOWS\SYSTEM32\kernel.appcore.dll
0x00007ffbfb930000 - 0x00007ffbfb93a000 	C:\Program Files\Java\jdk-19\bin\jimage.dll
0x00007ffbfda00000 - 0x00007ffbfdbe4000 	C:\WINDOWS\SYSTEM32\DBGHELP.DLL
0x00007ffbf8e50000 - 0x00007ffbf8e7c000 	C:\WINDOWS\SYSTEM32\dbgcore.DLL
0x00007ffc00400000 - 0x00007ffc00482000 	C:\WINDOWS\System32\bcryptPrimitives.dll
0x00007ffbef1e0000 - 0x00007ffbef206000 	C:\Program Files\Java\jdk-19\bin\java.dll

dbghelp: loaded successfully - version: 4.0.5 - missing functions: none
symbol engine: initialized successfully - sym options: 0x614 - pdb path: .;C:\Program Files\Java\jdk-19\bin;C:\WINDOWS\SYSTEM32;C:\WINDOWS\WinSxS\amd64_microsoft.windows.common-controls_6595b64144ccf1df_6.0.19041.1110_none_60b5254171f9507e;C:\Program Files\Java\jdk-19\bin\server

VM Arguments:
java_command: com.mycompany.management_course.GUI.GradeGUI
java_class_path (initial): C:\Users\phamt\OneDrive\Documents\NetBeansProjects\Management_Course-master\Management_Course-master\target\classes;C:\Users\phamt\.m2\repository\mysql\mysql-connector-java\8.0.23\mysql-connector-java-8.0.23.jar;C:\Users\phamt\.m2\repository\com\google\protobuf\protobuf-java\3.11.4\protobuf-java-3.11.4.jar;C:\Users\phamt\.m2\repository\datechooser\datechooser\1.0\datechooser-1.0.jar;C:\Users\phamt\.m2\repository\timepicker\timepicker\1.0\timepicker-1.0.jar;C:\Users\phamt\.m2\repository\timeframework\timeframework\1.0\timeframework-1.0.jar
Launcher Type: SUN_STANDARD

[Global flags]
     intx CICompilerCount                          = 3                                         {product} {ergonomic}
     uint ConcGCThreads                            = 1                                         {product} {ergonomic}
     uint G1ConcRefinementThreads                  = 4                                         {product} {ergonomic}
   size_t G1HeapRegionSize                         = 1048576                                   {product} {ergonomic}
    uintx GCDrainStackTargetSize                   = 64                                        {product} {ergonomic}
   size_t InitialHeapSize                          = 67108864                                  {product} {ergonomic}
   size_t MarkStackSize                            = 4194304                                   {product} {ergonomic}
   size_t MaxHeapSize                              = 1048576000                                {product} {ergonomic}
   size_t MinHeapDeltaBytes                        = 1048576                                   {product} {ergonomic}
   size_t MinHeapSize                              = 8388608                                   {product} {ergonomic}
    uintx NonNMethodCodeHeapSize                   = 5832780                                {pd product} {ergonomic}
    uintx NonProfiledCodeHeapSize                  = 122912730                              {pd product} {ergonomic}
    uintx ProfiledCodeHeapSize                     = 122912730                              {pd product} {ergonomic}
    uintx ReservedCodeCacheSize                    = 251658240                              {pd product} {ergonomic}
     bool SegmentedCodeCache                       = true                                      {product} {ergonomic}
   size_t SoftMaxHeapSize                          = 1048576000                             {manageable} {ergonomic}
     bool UseCompressedClassPointers               = true                           {product lp64_product} {ergonomic}
     bool UseCompressedOops                        = true                           {product lp64_product} {ergonomic}
     bool UseG1GC                                  = true                                      {product} {ergonomic}
     bool UseLargePagesIndividualAllocation        = false                                  {pd product} {ergonomic}

Logging:
Log output configuration:
 #0: stdout all=warning uptime,level,tags foldmultilines=false
 #1: stderr all=off uptime,level,tags foldmultilines=false

Environment Variables:
JAVA_HOME=C:\Program Files\Java\jdk-19
PATH=C:\Program Files\Eclipse Adoptium\jdk-17.0.2.8-hotspot\bin;C:\Program Files (x86)\VMware\VMware Workstation\bin\;C:\Program Files\Common Files\Oracle\Java\javapath;C:\WINDOWS\system32;C:\WINDOWS;C:\WINDOWS\System32\Wbem;C:\WINDOWS\System32\WindowsPowerShell\v1.0\;C:\WINDOWS\System32\OpenSSH\;C:\Program Files\Azure Data Studio\bin;C:\Program Files\Microsoft SQL Server\Client SDK\ODBC\170\Tools\Binn\;C:\Program Files (x86)\Microsoft SQL Server\150\Tools\Binn\;C:\Program Files\Microsoft SQL Server\150\Tools\Binn\;C:\Program Files\Microsoft SQL Server\150\DTS\Binn\;C:\Program Files (x86)\Microsoft SQL Server\150\DTS\Binn\;C:\Program Files\PuTTY\;C:\Program Files\nodejs\;C:\msys64\mingw64\bin;C:\Program Files\Java\jdk-19\bin;C:\Program Files\Git\cmd;C:\Program Files\MongoDB\Server\5.0\bin;C:\myserver\php-7.4.30;C:\ProgramData\ComposerSetup\bin;C:\bin;C:\Program Files\MongoDB\Server\5.0\bin;C:\Users\phamt\AppData\Local\Programs\Python\Python38-32\Scripts\;C:\Users\phamt\AppData\Local\Programs\Python\Python38-32\;C:\Users\phamt\AppData\Local\Microsoft\WindowsApps;C:\Program Files\JetBrains\PyCharm Community Edition 2020.2.2\bin;;C:\Microsoft VS Code\bin;C:\Program Files\Azure Data Studio\bin;C:\Users\phamt\AppData\Roaming\npm;C:\msys64\mingw64\bin;C:\Program Files\Java\jdk-19\bin;C:\Users\phamt\AppData\Roaming\Composer\vendor\bin;;C:\Program Files\JetBrains\IntelliJ IDEA Community Edition 2022.2.2\bin;
USERNAME=phamt
OS=Windows_NT
PROCESSOR_IDENTIFIER=Intel64 Family 6 Model 61 Stepping 4, GenuineIntel
TMP=C:\Users\phamt\AppData\Local\Temp
TEMP=C:\Users\phamt\AppData\Local\Temp



---------------  S Y S T E M  ---------------

OS:
 Windows 10 , 64 bit Build 19041 (10.0.19041.1889)
OS uptime: 8 days 3:09 hours

CPU: total 4 (initial active 4) (2 cores per cpu, 2 threads per core) family 6 model 61 stepping 4 microcode 0x2d, cx8, cmov, fxsr, ht, mmx, 3dnowpref, sse, sse2, sse3, ssse3, sse4.1, sse4.2, popcnt, lzcnt, tsc, tscinvbit, avx, avx2, aes, erms, clmul, bmi1, bmi2, adx, fma, vzeroupper, clflush, rdtscp

Memory: 4k page, system-wide physical 3996M (126M free)
TotalPageFile size 7996M (AvailPageFile size 20M)
current process WorkingSet (physical memory assigned to process): 10M, peak: 10M
current process commit charge ("private bytes"): 51M, peak: 115M

vm_info: Java HotSpot(TM) 64-Bit Server VM (19+36-2238) for windows-amd64 JRE (19+36-2238), built on 2022-08-12T20:29:01Z by "mach5one" with MS VC++ 17.1 (VS2022)

END.
